<?xml version="1.0" encoding="UTF-8"?>
<!-- Generated by org.testng.reporters.JUnitXMLReporter -->
<testsuite hostname="hp-pc" name="Test" tests="3" failures="1" timestamp="22 Nov 2015 19:50:02 GMT" time="24.789" errors="0">
  <testcase name="checkBlankUserName" time="0.787" classname="com.testcases.LoginTestCases">
    <failure type="java.lang.AssertionError" message="expected [Name11 must be filled out] but found [Name must be filled out]">
      <![CDATA[java.lang.AssertionError: expected [Name11 must be filled out] but found [Name must be filled out]
	at com.testcases.LoginTestCases.checkBlankUserName(LoginTestCases.java:73)
... Removed 29 stack frames]]>
    </failure>
  </testcase> <!-- checkBlankUserName -->
  <testcase name="checkInvalidUserName" time="1.335" classname="com.testcases.LoginTestCases"/>
  <testcase name="checkCorrectUserName" time="0.908" classname="com.testcases.LoginTestCases"/>
</testsuite> <!-- Test -->
